2020-06-18 13:10:08 ('Connection aborted.', TimeoutError(60, 'Operation timed out'))
Traceback (most recent call last):
  File "/usr/local/lib/python3.7/site-packages/urllib3/connectionpool.py", line 600, in urlopen
    chunked=chunked)
  File "/usr/local/lib/python3.7/site-packages/urllib3/connectionpool.py", line 343, in _make_request
    self._validate_conn(conn)
  File "/usr/local/lib/python3.7/site-packages/urllib3/connectionpool.py", line 839, in _validate_conn
    conn.connect()
  File "/usr/local/lib/python3.7/site-packages/urllib3/connection.py", line 344, in connect
    ssl_context=context)
  File "/usr/local/lib/python3.7/site-packages/urllib3/util/ssl_.py", line 344, in ssl_wrap_socket
    return context.wrap_socket(sock, server_hostname=server_hostname)
  File "/usr/local/Cellar/python/3.7.2_1/Frameworks/Python.framework/Versions/3.7/lib/python3.7/ssl.py", line 412, in wrap_socket
    session=session
  File "/usr/local/Cellar/python/3.7.2_1/Frameworks/Python.framework/Versions/3.7/lib/python3.7/ssl.py", line 853, in _create
    self.do_handshake()
  File "/usr/local/Cellar/python/3.7.2_1/Frameworks/Python.framework/Versions/3.7/lib/python3.7/ssl.py", line 1117, in do_handshake
    self._sslobj.do_handshake()
TimeoutError: [Errno 60] Operation timed out

During handling of the above exception, another exception occurred:

Traceback (most recent call last):
  File "/usr/local/lib/python3.7/site-packages/requests/adapters.py", line 449, in send
    timeout=timeout
  File "/usr/local/lib/python3.7/site-packages/urllib3/connectionpool.py", line 638, in urlopen
    _stacktrace=sys.exc_info()[2])
  File "/usr/local/lib/python3.7/site-packages/urllib3/util/retry.py", line 367, in increment
    raise six.reraise(type(error), error, _stacktrace)
  File "/usr/local/lib/python3.7/site-packages/urllib3/packages/six.py", line 685, in reraise
    raise value.with_traceback(tb)
  File "/usr/local/lib/python3.7/site-packages/urllib3/connectionpool.py", line 600, in urlopen
    chunked=chunked)
  File "/usr/local/lib/python3.7/site-packages/urllib3/connectionpool.py", line 343, in _make_request
    self._validate_conn(conn)
  File "/usr/local/lib/python3.7/site-packages/urllib3/connectionpool.py", line 839, in _validate_conn
    conn.connect()
  File "/usr/local/lib/python3.7/site-packages/urllib3/connection.py", line 344, in connect
    ssl_context=context)
  File "/usr/local/lib/python3.7/site-packages/urllib3/util/ssl_.py", line 344, in ssl_wrap_socket
    return context.wrap_socket(sock, server_hostname=server_hostname)
  File "/usr/local/Cellar/python/3.7.2_1/Frameworks/Python.framework/Versions/3.7/lib/python3.7/ssl.py", line 412, in wrap_socket
    session=session
  File "/usr/local/Cellar/python/3.7.2_1/Frameworks/Python.framework/Versions/3.7/lib/python3.7/ssl.py", line 853, in _create
    self.do_handshake()
  File "/usr/local/Cellar/python/3.7.2_1/Frameworks/Python.framework/Versions/3.7/lib/python3.7/ssl.py", line 1117, in do_handshake
    self._sslobj.do_handshake()
urllib3.exceptions.ProtocolError: ('Connection aborted.', TimeoutError(60, 'Operation timed out'))

During handling of the above exception, another exception occurred:

Traceback (most recent call last):
  File "/Users/kimbach/Documents/wikilabskultur/wikilabskultur/smkbatch.py", line 184, in <module>
    smk_objects=smkapi.get_smk_objects(offset, rows)
  File "/Users/kimbach/Documents/wikilabskultur/wikilabskultur/smkapi.py", line 70, in get_smk_objects
    data=json.loads(requests.get(url).text)
  File "/usr/local/lib/python3.7/site-packages/requests/api.py", line 75, in get
    return request('get', url, params=params, **kwargs)
  File "/usr/local/lib/python3.7/site-packages/requests/api.py", line 60, in request
    return session.request(method=method, url=url, **kwargs)
  File "/usr/local/lib/python3.7/site-packages/requests/sessions.py", line 533, in request
    resp = self.send(prep, **send_kwargs)
  File "/usr/local/lib/python3.7/site-packages/requests/sessions.py", line 646, in send
    r = adapter.send(request, **kwargs)
  File "/usr/local/lib/python3.7/site-packages/requests/adapters.py", line 498, in send
    raise ConnectionError(err, request=request)
requests.exceptions.ConnectionError: ('Connection aborted.', TimeoutError(60, 'Operation timed out'))
2020-06-25 22:56:39 [Errno 2] No such file or directory: './downloads/Albrecht Altdorfer, Jomfru Maria med barnet og Sankt Anne ved vuggen, 1479-1537, KKS1615, Statens Museum for Kunst.jpg'
Traceback (most recent call last):
  File "/Users/kimbach/Documents/wikilabskultur/wikilabskultur/smkbatch.py", line 579, in <module>
    open(path, 'wb').write(r.content)
FileNotFoundError: [Errno 2] No such file or directory: './downloads/Albrecht Altdorfer, Jomfru Maria med barnet og Sankt Anne ved vuggen, 1479-1537, KKS1615, Statens Museum for Kunst.jpg'
2020-06-25 22:59:13 [Errno 2] No such file or directory: './downloads/Albrecht Altdorfer - Jomfru Maria med barnet og Sankt Anne ved vuggen - 1479-1537 - KKS1615 - Statens Museum for Kunst.jpg'
Traceback (most recent call last):
  File "/Users/kimbach/Documents/wikilabskultur/wikilabskultur/smkbatch.py", line 579, in <module>
    open(path, 'wb').write(r.content)
FileNotFoundError: [Errno 2] No such file or directory: './downloads/Albrecht Altdorfer - Jomfru Maria med barnet og Sankt Anne ved vuggen - 1479-1537 - KKS1615 - Statens Museum for Kunst.jpg'
2020-06-25 23:51:51 Closing network session.
2020-06-25 23:51:51 Network session closed.
2020-06-26 06:33:35 Closing network session.
2020-06-26 06:33:35 Network session closed.
2020-06-26 06:34:51 Closing network session.
2020-06-26 06:34:51 Network session closed.
2020-06-26 06:36:13 Closing network session.
2020-06-26 06:36:13 Network session closed.
2020-06-26 06:39:01 Closing network session.
2020-06-26 06:39:01 Network session closed.
2020-06-26 06:42:38 Closing network session.
2020-06-26 06:42:38 Network session closed.
2020-06-26 06:44:29 Closing network session.
2020-06-26 06:44:29 Network session closed.
2020-06-26 06:46:18 Closing network session.
2020-06-26 06:46:18 Network session closed.
2020-06-26 06:48:37 Closing network session.
2020-06-26 06:48:37 Network session closed.
2021-10-12 18:47:45 object of type 'NoneType' has no len()
Traceback (most recent call last):
  File "/Users/kimbach/Documents/wikilabskultur/wikilabskultur/smkbatch.py", line 644, in TestSMKAPI
    if len(SMKItemList) == 0:
TypeError: object of type 'NoneType' has no len()
2021-10-12 18:47:45 object of type 'NoneType' has no len()
Traceback (most recent call last):
  File "/Users/kimbach/Documents/wikilabskultur/wikilabskultur/smkbatch.py", line 644, in TestSMKAPI
    if len(SMKItemList) == 0:
TypeError: object of type 'NoneType' has no len()
2021-10-12 18:47:45 object of type 'NoneType' has no len()
Traceback (most recent call last):
  File "/Users/kimbach/Documents/wikilabskultur/wikilabskultur/smkbatch.py", line 644, in TestSMKAPI
    if len(SMKItemList) == 0:
TypeError: object of type 'NoneType' has no len()
2021-10-12 18:47:45 object of type 'NoneType' has no len()
Traceback (most recent call last):
  File "/Users/kimbach/Documents/wikilabskultur/wikilabskultur/smkbatch.py", line 644, in TestSMKAPI
    if len(SMKItemList) == 0:
TypeError: object of type 'NoneType' has no len()
2021-10-12 18:47:46 object of type 'NoneType' has no len()
Traceback (most recent call last):
  File "/Users/kimbach/Documents/wikilabskultur/wikilabskultur/smkbatch.py", line 644, in TestSMKAPI
    if len(SMKItemList) == 0:
TypeError: object of type 'NoneType' has no len()
2021-10-12 18:47:46 object of type 'NoneType' has no len()
Traceback (most recent call last):
  File "/Users/kimbach/Documents/wikilabskultur/wikilabskultur/smkbatch.py", line 644, in TestSMKAPI
    if len(SMKItemList) == 0:
TypeError: object of type 'NoneType' has no len()
2021-10-12 18:47:46 object of type 'NoneType' has no len()
Traceback (most recent call last):
  File "/Users/kimbach/Documents/wikilabskultur/wikilabskultur/smkbatch.py", line 644, in TestSMKAPI
    if len(SMKItemList) == 0:
TypeError: object of type 'NoneType' has no len()
2021-10-12 18:47:46 object of type 'NoneType' has no len()
Traceback (most recent call last):
  File "/Users/kimbach/Documents/wikilabskultur/wikilabskultur/smkbatch.py", line 644, in TestSMKAPI
    if len(SMKItemList) == 0:
TypeError: object of type 'NoneType' has no len()
2021-10-12 18:47:47 object of type 'NoneType' has no len()
Traceback (most recent call last):
  File "/Users/kimbach/Documents/wikilabskultur/wikilabskultur/smkbatch.py", line 644, in TestSMKAPI
    if len(SMKItemList) == 0:
TypeError: object of type 'NoneType' has no len()
2021-10-12 18:47:47 object of type 'NoneType' has no len()
Traceback (most recent call last):
  File "/Users/kimbach/Documents/wikilabskultur/wikilabskultur/smkbatch.py", line 644, in TestSMKAPI
    if len(SMKItemList) == 0:
TypeError: object of type 'NoneType' has no len()
2021-10-12 18:47:47 object of type 'NoneType' has no len()
Traceback (most recent call last):
  File "/Users/kimbach/Documents/wikilabskultur/wikilabskultur/smkbatch.py", line 644, in TestSMKAPI
    if len(SMKItemList) == 0:
TypeError: object of type 'NoneType' has no len()
2021-10-12 20:06:02 object of type 'NoneType' has no len()
Traceback (most recent call last):
  File "/Users/kimbach/Documents/wikilabskultur/wikilabskultur/smkbatch.py", line 644, in TestSMKAPI
    if len(SMKItemList) == 0:
TypeError: object of type 'NoneType' has no len()
2021-10-12 20:06:03 object of type 'NoneType' has no len()
Traceback (most recent call last):
  File "/Users/kimbach/Documents/wikilabskultur/wikilabskultur/smkbatch.py", line 644, in TestSMKAPI
    if len(SMKItemList) == 0:
TypeError: object of type 'NoneType' has no len()
2021-10-12 20:06:03 object of type 'NoneType' has no len()
Traceback (most recent call last):
  File "/Users/kimbach/Documents/wikilabskultur/wikilabskultur/smkbatch.py", line 644, in TestSMKAPI
    if len(SMKItemList) == 0:
TypeError: object of type 'NoneType' has no len()
2021-10-12 20:06:03 object of type 'NoneType' has no len()
Traceback (most recent call last):
  File "/Users/kimbach/Documents/wikilabskultur/wikilabskultur/smkbatch.py", line 644, in TestSMKAPI
    if len(SMKItemList) == 0:
TypeError: object of type 'NoneType' has no len()
2021-10-12 20:06:03 object of type 'NoneType' has no len()
Traceback (most recent call last):
  File "/Users/kimbach/Documents/wikilabskultur/wikilabskultur/smkbatch.py", line 644, in TestSMKAPI
    if len(SMKItemList) == 0:
TypeError: object of type 'NoneType' has no len()
2021-10-12 20:06:04 object of type 'NoneType' has no len()
Traceback (most recent call last):
  File "/Users/kimbach/Documents/wikilabskultur/wikilabskultur/smkbatch.py", line 644, in TestSMKAPI
    if len(SMKItemList) == 0:
TypeError: object of type 'NoneType' has no len()
2021-10-12 20:06:04 object of type 'NoneType' has no len()
Traceback (most recent call last):
  File "/Users/kimbach/Documents/wikilabskultur/wikilabskultur/smkbatch.py", line 644, in TestSMKAPI
    if len(SMKItemList) == 0:
TypeError: object of type 'NoneType' has no len()
2021-10-12 20:06:04 object of type 'NoneType' has no len()
Traceback (most recent call last):
  File "/Users/kimbach/Documents/wikilabskultur/wikilabskultur/smkbatch.py", line 644, in TestSMKAPI
    if len(SMKItemList) == 0:
TypeError: object of type 'NoneType' has no len()
2021-10-12 20:06:04 object of type 'NoneType' has no len()
Traceback (most recent call last):
  File "/Users/kimbach/Documents/wikilabskultur/wikilabskultur/smkbatch.py", line 644, in TestSMKAPI
    if len(SMKItemList) == 0:
TypeError: object of type 'NoneType' has no len()
2021-10-12 20:06:04 object of type 'NoneType' has no len()
Traceback (most recent call last):
  File "/Users/kimbach/Documents/wikilabskultur/wikilabskultur/smkbatch.py", line 644, in TestSMKAPI
    if len(SMKItemList) == 0:
TypeError: object of type 'NoneType' has no len()
2021-10-12 20:06:05 object of type 'NoneType' has no len()
Traceback (most recent call last):
  File "/Users/kimbach/Documents/wikilabskultur/wikilabskultur/smkbatch.py", line 644, in TestSMKAPI
    if len(SMKItemList) == 0:
TypeError: object of type 'NoneType' has no len()
2021-10-12 20:06:11 object of type 'NoneType' has no len()
Traceback (most recent call last):
  File "/Users/kimbach/Documents/wikilabskultur/wikilabskultur/smkbatch.py", line 644, in TestSMKAPI
    if len(SMKItemList) == 0:
TypeError: object of type 'NoneType' has no len()
2021-10-12 20:06:16 object of type 'NoneType' has no len()
Traceback (most recent call last):
  File "/Users/kimbach/Documents/wikilabskultur/wikilabskultur/smkbatch.py", line 644, in TestSMKAPI
    if len(SMKItemList) == 0:
TypeError: object of type 'NoneType' has no len()
2021-10-12 20:06:24 object of type 'NoneType' has no len()
Traceback (most recent call last):
  File "/Users/kimbach/Documents/wikilabskultur/wikilabskultur/smkbatch.py", line 644, in TestSMKAPI
    if len(SMKItemList) == 0:
TypeError: object of type 'NoneType' has no len()
2021-10-12 20:06:31 object of type 'NoneType' has no len()
Traceback (most recent call last):
  File "/Users/kimbach/Documents/wikilabskultur/wikilabskultur/smkbatch.py", line 644, in TestSMKAPI
    if len(SMKItemList) == 0:
TypeError: object of type 'NoneType' has no len()
2021-10-12 20:06:45 object of type 'NoneType' has no len()
Traceback (most recent call last):
  File "/Users/kimbach/Documents/wikilabskultur/wikilabskultur/smkbatch.py", line 644, in TestSMKAPI
    if len(SMKItemList) == 0:
TypeError: object of type 'NoneType' has no len()
2021-10-12 20:06:55 object of type 'NoneType' has no len()
Traceback (most recent call last):
  File "/Users/kimbach/Documents/wikilabskultur/wikilabskultur/smkbatch.py", line 644, in TestSMKAPI
    if len(SMKItemList) == 0:
TypeError: object of type 'NoneType' has no len()
2021-10-12 20:07:14 object of type 'NoneType' has no len()
Traceback (most recent call last):
  File "/Users/kimbach/Documents/wikilabskultur/wikilabskultur/smkbatch.py", line 644, in TestSMKAPI
    if len(SMKItemList) == 0:
TypeError: object of type 'NoneType' has no len()
2021-10-12 20:07:24 object of type 'NoneType' has no len()
Traceback (most recent call last):
  File "/Users/kimbach/Documents/wikilabskultur/wikilabskultur/smkbatch.py", line 644, in TestSMKAPI
    if len(SMKItemList) == 0:
TypeError: object of type 'NoneType' has no len()
2021-10-12 20:07:37 object of type 'NoneType' has no len()
Traceback (most recent call last):
  File "/Users/kimbach/Documents/wikilabskultur/wikilabskultur/smkbatch.py", line 644, in TestSMKAPI
    if len(SMKItemList) == 0:
TypeError: object of type 'NoneType' has no len()
2021-10-12 20:07:51 object of type 'NoneType' has no len()
Traceback (most recent call last):
  File "/Users/kimbach/Documents/wikilabskultur/wikilabskultur/smkbatch.py", line 644, in TestSMKAPI
    if len(SMKItemList) == 0:
TypeError: object of type 'NoneType' has no len()
2021-10-15 15:33:58 Closing network session.
2021-10-15 15:33:58 Network session closed.
2021-10-15 15:46:52 [Errno 63] File name too long: './downloads/Andreas Bodan II, To ovale kompositioner på ét blad. Til venstre sidder en hyrdinde Diana med stav og en hund ved sin side. Hun holder et æble, som Merkur i kappe synes at have bragt hende; på dette står: Det: pulcherrima. I ovalen til højre er en næsten nøgen, stående kvindefigur, set til knæene, i færd med at gå ind i et telt; ovenover en svævende amor med bue og pil, 1685, KKSgb14090, Statens Museum for Kunst.jpg'
Traceback (most recent call last):
  File "/Users/kimbach/Documents/wikilabskultur/wikilabskultur/smkbatch.py", line 628, in TestSMKAPI
    open(imagepath, 'wb').write(r.content)
OSError: [Errno 63] File name too long: './downloads/Andreas Bodan II, To ovale kompositioner på ét blad. Til venstre sidder en hyrdinde Diana med stav og en hund ved sin side. Hun holder et æble, som Merkur i kappe synes at have bragt hende; på dette står: Det: pulcherrima. I ovalen til højre er en næsten nøgen, stående kvindefigur, set til knæene, i færd med at gå ind i et telt; ovenover en svævende amor med bue og pil, 1685, KKSgb14090, Statens Museum for Kunst.jpg'
2021-10-15 15:48:43 [Errno 63] File name too long: './downloads/Francesco Francia, En kronet Madonna med barnet, omhængt med en kappe og tunge kæder, åbenbarer sig i skyerne, omgivet af engle og keruber, for to knælende helgener; den ene en soldat, der er martyr, den anden en gejstlig Hyacintus. En engel rækker et bælte eller et skriftbånd ned til dem, hvorpå der står: GAUDE TI GIACINTE VINX , 1446-1516, KKS11125, Statens Museum for Kunst.jpg'
Traceback (most recent call last):
  File "/Users/kimbach/Documents/wikilabskultur/wikilabskultur/smkbatch.py", line 628, in TestSMKAPI
    open(imagepath, 'wb').write(r.content)
OSError: [Errno 63] File name too long: './downloads/Francesco Francia, En kronet Madonna med barnet, omhængt med en kappe og tunge kæder, åbenbarer sig i skyerne, omgivet af engle og keruber, for to knælende helgener; den ene en soldat, der er martyr, den anden en gejstlig Hyacintus. En engel rækker et bælte eller et skriftbånd ned til dem, hvorpå der står: GAUDE TI GIACINTE VINX , 1446-1516, KKS11125, Statens Museum for Kunst.jpg'
2021-10-15 16:07:34 [Errno 63] File name too long: './downloads/None Ubekendt, Diverse figurer, heriblandt Markus-løven, en doge og en kvinde, ved hvis side man ser en globus, støtter en stor globe, der er inddelt i fire felter, kendetegnet ved indskrifter som America Sett., America meridionale, Asiaeropa og Africa. Over globen leger putti og en ørn med den pavelige tiara, nøglerne og pallium, samt med bispe- og korsstaven, 1500-1599, KKSgb9600, Statens Museum for Kunst.jpg'
Traceback (most recent call last):
  File "/Users/kimbach/Documents/wikilabskultur/wikilabskultur/smkbatch.py", line 628, in TestSMKAPI
    open(imagepath, 'wb').write(r.content)
OSError: [Errno 63] File name too long: './downloads/None Ubekendt, Diverse figurer, heriblandt Markus-løven, en doge og en kvinde, ved hvis side man ser en globus, støtter en stor globe, der er inddelt i fire felter, kendetegnet ved indskrifter som America Sett., America meridionale, Asiaeropa og Africa. Over globen leger putti og en ørn med den pavelige tiara, nøglerne og pallium, samt med bispe- og korsstaven, 1500-1599, KKSgb9600, Statens Museum for Kunst.jpg'
2021-10-15 16:29:02 [Errno 63] File name too long: './downloads/Antonio Aliense, Allegorisk komposition med Retfærdigheden, der tilbageholder en tronende dronning fra med sit sværd at blande sig i en kamp mellem to mænd foran tronen, mens en tredje mand med en nøgle fodrer en hund, 1555-1628, KKSgb13469, Statens Museum for Kunst.jpg'
Traceback (most recent call last):
  File "/Users/kimbach/Documents/wikilabskultur/wikilabskultur/smkbatch.py", line 628, in TestSMKAPI
    open(imagepath, 'wb').write(r.content)
OSError: [Errno 63] File name too long: './downloads/Antonio Aliense, Allegorisk komposition med Retfærdigheden, der tilbageholder en tronende dronning fra med sit sværd at blande sig i en kamp mellem to mænd foran tronen, mens en tredje mand med en nøgle fodrer en hund, 1555-1628, KKSgb13469, Statens Museum for Kunst.jpg'
2021-10-15 17:57:43 [Errno 63] File name too long: './downloads/Andreas Bodan II, To ovale kompositioner på ét blad. Til venstre sidder en hyrdinde Diana med stav og en hund ved sin side. Hun holder et æble, som Merkur i kappe synes at have bragt hende; på dette står: Det: pulcherrima. I ovalen til højre er en næsten nøgen, stående kvindefigur, set til knæene, i færd med at gå ind i et telt; ovenover en svævende amor med bue og pil, 1685, KKSgb14090, Statens Museum for Kunst.txt'
Traceback (most recent call last):
  File "/Users/kimbach/Documents/wikilabskultur/wikilabskultur/smkbatch.py", line 636, in TestSMKAPI
    open(path, 'w').write(wikitext)
OSError: [Errno 63] File name too long: './downloads/Andreas Bodan II, To ovale kompositioner på ét blad. Til venstre sidder en hyrdinde Diana med stav og en hund ved sin side. Hun holder et æble, som Merkur i kappe synes at have bragt hende; på dette står: Det: pulcherrima. I ovalen til højre er en næsten nøgen, stående kvindefigur, set til knæene, i færd med at gå ind i et telt; ovenover en svævende amor med bue og pil, 1685, KKSgb14090, Statens Museum for Kunst.txt'
2021-10-15 17:57:51 [Errno 63] File name too long: './downloads/Francesco Francia, En kronet Madonna med barnet, omhængt med en kappe og tunge kæder, åbenbarer sig i skyerne, omgivet af engle og keruber, for to knælende helgener; den ene en soldat, der er martyr, den anden en gejstlig Hyacintus. En engel rækker et bælte eller et skriftbånd ned til dem, hvorpå der står: GAUDE TI GIACINTE VINX , 1446-1516, KKS11125, Statens Museum for Kunst.txt'
Traceback (most recent call last):
  File "/Users/kimbach/Documents/wikilabskultur/wikilabskultur/smkbatch.py", line 636, in TestSMKAPI
    open(path, 'w').write(wikitext)
OSError: [Errno 63] File name too long: './downloads/Francesco Francia, En kronet Madonna med barnet, omhængt med en kappe og tunge kæder, åbenbarer sig i skyerne, omgivet af engle og keruber, for to knælende helgener; den ene en soldat, der er martyr, den anden en gejstlig Hyacintus. En engel rækker et bælte eller et skriftbånd ned til dem, hvorpå der står: GAUDE TI GIACINTE VINX , 1446-1516, KKS11125, Statens Museum for Kunst.txt'
2021-10-15 17:58:46 [Errno 63] File name too long: './downloads/None Ubekendt, Diverse figurer, heriblandt Markus-løven, en doge og en kvinde, ved hvis side man ser en globus, støtter en stor globe, der er inddelt i fire felter, kendetegnet ved indskrifter som America Sett., America meridionale, Asiaeropa og Africa. Over globen leger putti og en ørn med den pavelige tiara, nøglerne og pallium, samt med bispe- og korsstaven, 1500-1599, KKSgb9600, Statens Museum for Kunst.txt'
Traceback (most recent call last):
  File "/Users/kimbach/Documents/wikilabskultur/wikilabskultur/smkbatch.py", line 636, in TestSMKAPI
    open(path, 'w').write(wikitext)
OSError: [Errno 63] File name too long: './downloads/None Ubekendt, Diverse figurer, heriblandt Markus-løven, en doge og en kvinde, ved hvis side man ser en globus, støtter en stor globe, der er inddelt i fire felter, kendetegnet ved indskrifter som America Sett., America meridionale, Asiaeropa og Africa. Over globen leger putti og en ørn med den pavelige tiara, nøglerne og pallium, samt med bispe- og korsstaven, 1500-1599, KKSgb9600, Statens Museum for Kunst.txt'
2021-10-15 17:59:35 [Errno 63] File name too long: './downloads/Antonio Aliense, Allegorisk komposition med Retfærdigheden, der tilbageholder en tronende dronning fra med sit sværd at blande sig i en kamp mellem to mænd foran tronen, mens en tredje mand med en nøgle fodrer en hund, 1555-1628, KKSgb13469, Statens Museum for Kunst.txt'
Traceback (most recent call last):
  File "/Users/kimbach/Documents/wikilabskultur/wikilabskultur/smkbatch.py", line 636, in TestSMKAPI
    open(path, 'w').write(wikitext)
OSError: [Errno 63] File name too long: './downloads/Antonio Aliense, Allegorisk komposition med Retfærdigheden, der tilbageholder en tronende dronning fra med sit sværd at blande sig i en kamp mellem to mænd foran tronen, mens en tredje mand med en nøgle fodrer en hund, 1555-1628, KKSgb13469, Statens Museum for Kunst.txt'
2021-10-15 21:42:02 [Errno 63] File name too long: './downloads/Andreas Bodan II, To ovale kompositioner på ét blad. Til venstre sidder en hyrdinde Diana med stav og en hund ved sin side. Hun holder et æble, som Merkur i kappe synes at have bragt hende; på dette står: Det: pulcherrima. I ovalen til højre er en næsten nøgen, stående kvindefigur, set til knæene, i færd med at gå ind i et telt; ovenover en svævende amor med bue og pil, 1685, KKSgb14090, Statens Museum for Kunst.txt'
Traceback (most recent call last):
  File "/Users/kimbach/Documents/wikilabskultur/wikilabskultur/smkbatch.py", line 636, in TestSMKAPI
    open(path, 'w').write(wikitext)
OSError: [Errno 63] File name too long: './downloads/Andreas Bodan II, To ovale kompositioner på ét blad. Til venstre sidder en hyrdinde Diana med stav og en hund ved sin side. Hun holder et æble, som Merkur i kappe synes at have bragt hende; på dette står: Det: pulcherrima. I ovalen til højre er en næsten nøgen, stående kvindefigur, set til knæene, i færd med at gå ind i et telt; ovenover en svævende amor med bue og pil, 1685, KKSgb14090, Statens Museum for Kunst.txt'
2021-10-15 21:42:04 [Errno 63] File name too long: './downloads/Francesco Francia, En kronet Madonna med barnet, omhængt med en kappe og tunge kæder, åbenbarer sig i skyerne, omgivet af engle og keruber, for to knælende helgener; den ene en soldat, der er martyr, den anden en gejstlig Hyacintus. En engel rækker et bælte eller et skriftbånd ned til dem, hvorpå der står: GAUDE TI GIACINTE VINX , 1446-1516, KKS11125, Statens Museum for Kunst.txt'
Traceback (most recent call last):
  File "/Users/kimbach/Documents/wikilabskultur/wikilabskultur/smkbatch.py", line 636, in TestSMKAPI
    open(path, 'w').write(wikitext)
OSError: [Errno 63] File name too long: './downloads/Francesco Francia, En kronet Madonna med barnet, omhængt med en kappe og tunge kæder, åbenbarer sig i skyerne, omgivet af engle og keruber, for to knælende helgener; den ene en soldat, der er martyr, den anden en gejstlig Hyacintus. En engel rækker et bælte eller et skriftbånd ned til dem, hvorpå der står: GAUDE TI GIACINTE VINX , 1446-1516, KKS11125, Statens Museum for Kunst.txt'
2021-10-15 21:42:34 [Errno 63] File name too long: './downloads/None Ubekendt, Diverse figurer, heriblandt Markus-løven, en doge og en kvinde, ved hvis side man ser en globus, støtter en stor globe, der er inddelt i fire felter, kendetegnet ved indskrifter som America Sett., America meridionale, Asiaeropa og Africa. Over globen leger putti og en ørn med den pavelige tiara, nøglerne og pallium, samt med bispe- og korsstaven, 1500-1599, KKSgb9600, Statens Museum for Kunst.txt'
Traceback (most recent call last):
  File "/Users/kimbach/Documents/wikilabskultur/wikilabskultur/smkbatch.py", line 636, in TestSMKAPI
    open(path, 'w').write(wikitext)
OSError: [Errno 63] File name too long: './downloads/None Ubekendt, Diverse figurer, heriblandt Markus-løven, en doge og en kvinde, ved hvis side man ser en globus, støtter en stor globe, der er inddelt i fire felter, kendetegnet ved indskrifter som America Sett., America meridionale, Asiaeropa og Africa. Over globen leger putti og en ørn med den pavelige tiara, nøglerne og pallium, samt med bispe- og korsstaven, 1500-1599, KKSgb9600, Statens Museum for Kunst.txt'
2021-10-15 21:43:07 [Errno 63] File name too long: './downloads/Antonio Aliense, Allegorisk komposition med Retfærdigheden, der tilbageholder en tronende dronning fra med sit sværd at blande sig i en kamp mellem to mænd foran tronen, mens en tredje mand med en nøgle fodrer en hund, 1555-1628, KKSgb13469, Statens Museum for Kunst.txt'
Traceback (most recent call last):
  File "/Users/kimbach/Documents/wikilabskultur/wikilabskultur/smkbatch.py", line 636, in TestSMKAPI
    open(path, 'w').write(wikitext)
OSError: [Errno 63] File name too long: './downloads/Antonio Aliense, Allegorisk komposition med Retfærdigheden, der tilbageholder en tronende dronning fra med sit sværd at blande sig i en kamp mellem to mænd foran tronen, mens en tredje mand med en nøgle fodrer en hund, 1555-1628, KKSgb13469, Statens Museum for Kunst.txt'
2021-10-16 07:08:53 [Errno 63] File name too long: './downloads/Andreas Bodan II, To ovale kompositioner på ét blad. Til venstre sidder en hyrdinde Diana med stav og en hund ved sin side. Hun holder et æble, som Merkur i kappe synes at have bragt hende; på dette står: Det: pulcherrima. I ovalen til højre er en næsten nøgen, stående kvindefigur, set til knæene, i færd med at gå ind i et telt; ovenover en svævende amor med bue og pil, 1685, KKSgb14090, Statens Museum for Kunst.txt'
Traceback (most recent call last):
  File "/Users/kimbach/Documents/wikilabskultur/wikilabskultur/smkbatch.py", line 636, in TestSMKAPI
    open(path, 'w').write(wikitext)
OSError: [Errno 63] File name too long: './downloads/Andreas Bodan II, To ovale kompositioner på ét blad. Til venstre sidder en hyrdinde Diana med stav og en hund ved sin side. Hun holder et æble, som Merkur i kappe synes at have bragt hende; på dette står: Det: pulcherrima. I ovalen til højre er en næsten nøgen, stående kvindefigur, set til knæene, i færd med at gå ind i et telt; ovenover en svævende amor med bue og pil, 1685, KKSgb14090, Statens Museum for Kunst.txt'
2021-10-16 07:08:55 [Errno 63] File name too long: './downloads/Francesco Francia, En kronet Madonna med barnet, omhængt med en kappe og tunge kæder, åbenbarer sig i skyerne, omgivet af engle og keruber, for to knælende helgener; den ene en soldat, der er martyr, den anden en gejstlig Hyacintus. En engel rækker et bælte eller et skriftbånd ned til dem, hvorpå der står: GAUDE TI GIACINTE VINX , 1446-1516, KKS11125, Statens Museum for Kunst.txt'
Traceback (most recent call last):
  File "/Users/kimbach/Documents/wikilabskultur/wikilabskultur/smkbatch.py", line 636, in TestSMKAPI
    open(path, 'w').write(wikitext)
OSError: [Errno 63] File name too long: './downloads/Francesco Francia, En kronet Madonna med barnet, omhængt med en kappe og tunge kæder, åbenbarer sig i skyerne, omgivet af engle og keruber, for to knælende helgener; den ene en soldat, der er martyr, den anden en gejstlig Hyacintus. En engel rækker et bælte eller et skriftbånd ned til dem, hvorpå der står: GAUDE TI GIACINTE VINX , 1446-1516, KKS11125, Statens Museum for Kunst.txt'
2021-10-16 07:09:28 [Errno 63] File name too long: './downloads/None Ubekendt, Diverse figurer, heriblandt Markus-løven, en doge og en kvinde, ved hvis side man ser en globus, støtter en stor globe, der er inddelt i fire felter, kendetegnet ved indskrifter som America Sett., America meridionale, Asiaeropa og Africa. Over globen leger putti og en ørn med den pavelige tiara, nøglerne og pallium, samt med bispe- og korsstaven, 1500-1599, KKSgb9600, Statens Museum for Kunst.txt'
Traceback (most recent call last):
  File "/Users/kimbach/Documents/wikilabskultur/wikilabskultur/smkbatch.py", line 636, in TestSMKAPI
    open(path, 'w').write(wikitext)
OSError: [Errno 63] File name too long: './downloads/None Ubekendt, Diverse figurer, heriblandt Markus-løven, en doge og en kvinde, ved hvis side man ser en globus, støtter en stor globe, der er inddelt i fire felter, kendetegnet ved indskrifter som America Sett., America meridionale, Asiaeropa og Africa. Over globen leger putti og en ørn med den pavelige tiara, nøglerne og pallium, samt med bispe- og korsstaven, 1500-1599, KKSgb9600, Statens Museum for Kunst.txt'
2021-10-16 07:10:04 [Errno 63] File name too long: './downloads/Antonio Aliense, Allegorisk komposition med Retfærdigheden, der tilbageholder en tronende dronning fra med sit sværd at blande sig i en kamp mellem to mænd foran tronen, mens en tredje mand med en nøgle fodrer en hund, 1555-1628, KKSgb13469, Statens Museum for Kunst.txt'
Traceback (most recent call last):
  File "/Users/kimbach/Documents/wikilabskultur/wikilabskultur/smkbatch.py", line 636, in TestSMKAPI
    open(path, 'w').write(wikitext)
OSError: [Errno 63] File name too long: './downloads/Antonio Aliense, Allegorisk komposition med Retfærdigheden, der tilbageholder en tronende dronning fra med sit sværd at blande sig i en kamp mellem to mænd foran tronen, mens en tredje mand med en nøgle fodrer en hund, 1555-1628, KKSgb13469, Statens Museum for Kunst.txt'
2021-10-16 07:10:28 [Errno 63] File name too long: './downloads/Andreas Bodan II, To ovale kompositioner på ét blad. Til venstre sidder en hyrdinde Diana med stav og en hund ved sin side. Hun holder et æble, som Merkur i kappe synes at have bragt hende; på dette står: Det: pulcherrima. I ovalen til højre er en næsten nøgen, stående kvindefigur, set til knæene, i færd med at gå ind i et telt; ovenover en svævende amor med bue og pil, 1685, KKSgb14090, Statens Museum for Kunst.txt'
Traceback (most recent call last):
  File "/Users/kimbach/Documents/wikilabskultur/wikilabskultur/smkbatch.py", line 636, in TestSMKAPI
    open(path, 'w').write(wikitext)
OSError: [Errno 63] File name too long: './downloads/Andreas Bodan II, To ovale kompositioner på ét blad. Til venstre sidder en hyrdinde Diana med stav og en hund ved sin side. Hun holder et æble, som Merkur i kappe synes at have bragt hende; på dette står: Det: pulcherrima. I ovalen til højre er en næsten nøgen, stående kvindefigur, set til knæene, i færd med at gå ind i et telt; ovenover en svævende amor med bue og pil, 1685, KKSgb14090, Statens Museum for Kunst.txt'
2021-10-16 07:10:30 [Errno 63] File name too long: './downloads/Francesco Francia, En kronet Madonna med barnet, omhængt med en kappe og tunge kæder, åbenbarer sig i skyerne, omgivet af engle og keruber, for to knælende helgener; den ene en soldat, der er martyr, den anden en gejstlig Hyacintus. En engel rækker et bælte eller et skriftbånd ned til dem, hvorpå der står: GAUDE TI GIACINTE VINX , 1446-1516, KKS11125, Statens Museum for Kunst.txt'
Traceback (most recent call last):
  File "/Users/kimbach/Documents/wikilabskultur/wikilabskultur/smkbatch.py", line 636, in TestSMKAPI
    open(path, 'w').write(wikitext)
OSError: [Errno 63] File name too long: './downloads/Francesco Francia, En kronet Madonna med barnet, omhængt med en kappe og tunge kæder, åbenbarer sig i skyerne, omgivet af engle og keruber, for to knælende helgener; den ene en soldat, der er martyr, den anden en gejstlig Hyacintus. En engel rækker et bælte eller et skriftbånd ned til dem, hvorpå der står: GAUDE TI GIACINTE VINX , 1446-1516, KKS11125, Statens Museum for Kunst.txt'
2021-10-16 07:10:59 [Errno 63] File name too long: './downloads/None Ubekendt, Diverse figurer, heriblandt Markus-løven, en doge og en kvinde, ved hvis side man ser en globus, støtter en stor globe, der er inddelt i fire felter, kendetegnet ved indskrifter som America Sett., America meridionale, Asiaeropa og Africa. Over globen leger putti og en ørn med den pavelige tiara, nøglerne og pallium, samt med bispe- og korsstaven, 1500-1599, KKSgb9600, Statens Museum for Kunst.txt'
Traceback (most recent call last):
  File "/Users/kimbach/Documents/wikilabskultur/wikilabskultur/smkbatch.py", line 636, in TestSMKAPI
    open(path, 'w').write(wikitext)
OSError: [Errno 63] File name too long: './downloads/None Ubekendt, Diverse figurer, heriblandt Markus-løven, en doge og en kvinde, ved hvis side man ser en globus, støtter en stor globe, der er inddelt i fire felter, kendetegnet ved indskrifter som America Sett., America meridionale, Asiaeropa og Africa. Over globen leger putti og en ørn med den pavelige tiara, nøglerne og pallium, samt med bispe- og korsstaven, 1500-1599, KKSgb9600, Statens Museum for Kunst.txt'
2021-10-16 07:11:30 [Errno 63] File name too long: './downloads/Antonio Aliense, Allegorisk komposition med Retfærdigheden, der tilbageholder en tronende dronning fra med sit sværd at blande sig i en kamp mellem to mænd foran tronen, mens en tredje mand med en nøgle fodrer en hund, 1555-1628, KKSgb13469, Statens Museum for Kunst.txt'
Traceback (most recent call last):
  File "/Users/kimbach/Documents/wikilabskultur/wikilabskultur/smkbatch.py", line 636, in TestSMKAPI
    open(path, 'w').write(wikitext)
OSError: [Errno 63] File name too long: './downloads/Antonio Aliense, Allegorisk komposition med Retfærdigheden, der tilbageholder en tronende dronning fra med sit sværd at blande sig i en kamp mellem to mænd foran tronen, mens en tredje mand med en nøgle fodrer en hund, 1555-1628, KKSgb13469, Statens Museum for Kunst.txt'
2021-10-16 07:39:30 [Errno 63] File name too long: './downloads/Melchior Lorck, Titelblad til Wolgerissene und geschnittene Figuren in Kupffer und Holz durch. Den Kunstreichen und weitberümten Melcher Lorch für die Mahler Bildthawer und Kunstliebenden. an tag gegeben Anno 1619, 1619, KKSgb7867, Statens Museum for Kunst.txt'
Traceback (most recent call last):
  File "/Users/kimbach/Documents/wikilabskultur/wikilabskultur/smkbatch.py", line 636, in TestSMKAPI
    open(path, 'w').write(wikitext)
OSError: [Errno 63] File name too long: './downloads/Melchior Lorck, Titelblad til Wolgerissene und geschnittene Figuren in Kupffer und Holz durch. Den Kunstreichen und weitberümten Melcher Lorch für die Mahler Bildthawer und Kunstliebenden. an tag gegeben Anno 1619, 1619, KKSgb7867, Statens Museum for Kunst.txt'
2021-10-16 07:41:05 [Errno 63] File name too long: './downloads/Melchior Lorck, Uidentificeret moské med 2 minareter set fra sydvest; hinsides vandet ses Galata I nederste h. hjørne en kubisk sten, hvorpå er indridset en kvadratisk geometrisk figur, som måske viser moskéens grundplan, 1570, kksgb11608, Statens Museum for Kunst.txt'
Traceback (most recent call last):
  File "/Users/kimbach/Documents/wikilabskultur/wikilabskultur/smkbatch.py", line 636, in TestSMKAPI
    open(path, 'w').write(wikitext)
OSError: [Errno 63] File name too long: './downloads/Melchior Lorck, Uidentificeret moské med 2 minareter set fra sydvest; hinsides vandet ses Galata I nederste h. hjørne en kubisk sten, hvorpå er indridset en kvadratisk geometrisk figur, som måske viser moskéens grundplan, 1570, kksgb11608, Statens Museum for Kunst.txt'
